[2025-08-29T23:11:09.866Z] https://chaturbate.com:443/api/notes/usernames/
Found: user

[2025-08-29T23:11:11.857Z] https://chaturbate.com:443/
Found: setTimeout, setInterval, location.href, Function, setAttribute, onclick, window.open, XMLHttpRequest, fetch, document.cookie, password, user, login, token, auth, account, session, root, key, hash, https, private, public, verify, validate, query, csrf, compliance

[2025-08-29T23:11:12.380Z] https://chaturbate.com:443/notifications/updates/?notification_type=twitter_feed&notification_type=offline_tip
Found: token, account, https

[2025-08-29T23:11:12.407Z] https://chaturbate.com:443/api/ts/chat/ignored-users/
Found: user

[2025-08-29T23:11:12.425Z] https://chaturbate.com:443/api/messaging/unread/
Found: user

[2025-08-29T23:11:12.449Z] https://chaturbate.com:443/api/notes/usernames/
Found: user

[2025-08-29T23:11:12.478Z] https://chaturbate.com:443/api/ts/hashtags/top_tags/?count=1000
Found: password, secret, token, private

[2025-08-29T23:11:12.503Z] https://chaturbate.com:443/api/ts/roomlist/all-tags/?limit=90&offset=0
Found: password, secret, token, private

[2025-08-29T23:11:12.599Z] https://chaturbate.com:443/api/ts/roomlist/room-list/?limit=90&offset=0
Found: password, user, token, https, private, public

[2025-08-29T23:11:12.784Z] https://chaturbate.com:443/api/ts/chat/ignored-users/
Found: user

[2025-08-29T23:11:13.603Z] https://chaturbate.com:443/push_service/auth/
Found: user, token, key

[2025-08-29T23:12:14.086Z] https://thumb.live.mmcdn.com:443/riw/gigi_ulala.jpg?58550304
Found: sql

[2025-08-29T23:12:25.764Z] https://thumb.live.mmcdn.com:443/riw/jenny_ames.jpg?58550304
Found: sql

[2025-08-29T23:12:32.676Z] https://thumb.live.mmcdn.com:443/riw/maydaedgin.jpg?58550304
Found: sql

[2025-08-29T23:13:21.906Z] https://thumb.live.mmcdn.com:443/riw/giselle_js.jpg?58550306
Found: jwt

[2025-08-29T23:14:21.359Z] https://thumb.live.mmcdn.com:443/riw/excitease.jpg?58550308
Found: sql

[2025-08-29T23:14:21.872Z] https://thumb.live.mmcdn.com:443/riw/iam_eli.jpg?58550308
Found: xss

[2025-08-29T23:14:29.322Z] https://thumb.live.mmcdn.com:443/riw/romainerudoy.jpg?58550308
Found: sql

[2025-08-29T23:14:30.762Z] https://thumb.live.mmcdn.com:443/riw/soffy_sexzone18.jpg?58550308
Found: sql

[2025-08-29T23:15:19.699Z] https://thumb.live.mmcdn.com:443/riw/roselunes.jpg?58550310
Found: sql

[2025-08-29T23:15:22.451Z] https://thumb.live.mmcdn.com:443/riw/mode_bad.jpg?58550310
Found: xss

[2025-08-29T23:15:32.810Z] https://thumb.live.mmcdn.com:443/riw/littlee33.jpg?58550310
Found: jwt

[2025-08-29T23:15:48.314Z] https://thumb.live.mmcdn.com:443/riw/discgolf4life.jpg?58550310
Found: xss

[2025-08-29T23:15:48.706Z] https://thumb.live.mmcdn.com:443/riw/soffy_sexzone18.jpg?58550310
Found: key

[2025-08-29T23:16:16.911Z] https://thumb.live.mmcdn.com:443/riw/_meganmeow_.jpg?58550312
Found: sql

[2025-08-29T23:16:17.461Z] https://thumb.live.mmcdn.com:443/riw/sary_hott.jpg?58550312
Found: xss

[2025-08-29T23:16:24.487Z] https://thumb.live.mmcdn.com:443/riw/aya_me.jpg?58550312
Found: key

[2025-08-29T23:16:25.962Z] https://thumb.live.mmcdn.com:443/riw/liaglamour.jpg?58550312
Found: jwt

[2025-08-29T23:16:26.110Z] https://thumb.live.mmcdn.com:443/riw/ciaosonoale.jpg?58550312
Found: key

[2025-08-29T23:16:27.555Z] https://thumb.live.mmcdn.com:443/riw/bridgetbottrell.jpg?58550312
Found: jwt

[2025-08-29T23:16:30.423Z] https://thumb.live.mmcdn.com:443/riw/alexa_dream.jpg?58550312
Found: sql

[2025-08-29T23:16:32.766Z] https://thumb.live.mmcdn.com:443/riw/stella_land.jpg?58550312
Found: sql

[2025-08-29T23:17:25.885Z] https://thumb.live.mmcdn.com:443/riw/aya_blush.jpg?58550314
Found: key

[2025-08-29T23:17:32.403Z] https://thumb.live.mmcdn.com:443/riw/liaglamour.jpg?58550314
Found: key

