https://chaturbate.com:443/accounts/register/?src=header&auipsrc=navbar
65e8428f800c, 24279235, 1.295.0, https://chaturbate.com/, 913, false, username, enduser.id
100

https://web.static.mmcdn.com:443/CACHE/css/output.37f626b16170.css
header
25

https://web.static.mmcdn.com:443/cachebust/register-prod-52a13aafa7dbd8deaaae.js
header
25

https://chaturbate.com:443/notifications/updates/?notification_type=twitter_feed&notification_type=offline_tip
twitter_feed
25

https://chaturbate.com:443/accounts/ajax_validate_register_form/
false, username
50

https://chaturbate.com:443/accounts/ajax_username_assist/?username=wiener
username, name, wiener
75

https://chaturbate.com:443/accounts/ajax_validate_register_form/
false, username, name, password, gender
100

https://chaturbate.com:443/accounts/ajax_username_assist/?username=l
username, name
50

https://chaturbate.com:443/accounts/ajax_validate_register_form/
false, username, name, password, gender
100

https://chaturbate.com:443/accounts/ajax_username_assist/?username=li
username, name
50

https://chaturbate.com:443/accounts/ajax_validate_register_form/
false, username, name, password, gender
100

https://chaturbate.com:443/accounts/ajax_username_assist/?username=lin
username, name, lin
75

https://chaturbate.com:443/accounts/ajax_validate_register_form/
false, password, gender
75

https://chaturbate.com:443/accounts/ajax_validate_register_form/
false, username, name, password, gender
100

https://chaturbate.com:443/accounts/ajax_username_assist/?username=linkoskali
3214, username, name, lin, linkoska, linkoskali
100

https://chaturbate.com:443/accounts/ajax_validate_register_form/
false, password, gender
75

https://chaturbate.com:443/accounts/ajax_validate_register_form/
false, password, gender
75

https://chaturbate.com:443/accounts/ajax_validate_register_form/
false, password, email, gender
100

https://chaturbate.com:443/accounts/ajax_validate_register_form/
false, password, gender
75

https://chaturbate.com:443/accounts/ajax_validate_register_form/
false, gender
50

https://chaturbate.com:443/accounts/ajax_validate_register_form/
false, gender
50

https://chaturbate.com:443/accounts/ajax_validate_register_form/
false, gender
50

https://chaturbate.com:443/accounts/ajax_validate_register_form/
false, gender
50

https://chaturbate.com:443/accounts/ajax_validate_register_form/
false
25

https://chaturbate.com:443/accounts/ajax_validate_register_form/
false
25

https://chaturbate.com:443/accounts/ajax_validate_recaptcha3/
lin, linkoska, linkoskali, linkoskali2
100

https://chaturbate.com:443/accounts/welcome/
65e8428f800c, 24279235, 1.295.0, https://chaturbate.com/, rmRmlstSpa2, false, username, enduser.id, header, G-GX0FLQH21P, en-us, anonymous, chaturbate.com, 874, page_view, name, csrfmiddlewaretoken, password, email, gender, subgender, lin, linkoska, linkoskali, linkoskali2, terms, referrer, self, https://chaturbate.com, https://js-agent.newrelic.com, https://www.google.com/recaptcha/, data:, https://static-pub.highwebmedia.com, blob, enforce, 6LdpEXsUAAAAAMkkjaaqylB3rEhR7oPZmLjSjaps
100

https://web.static.mmcdn.com:443/images/gendericons/female.svg
913, 874, lin
75

https://chaturbate.com:443/api/ts/roomlist/room-list/?limit=90&offset=0
7036, 913, 5308, :false,, false, username, 952, name, password, gender, lin, self, :11,
100

https://web.static.mmcdn.com:443/vendor/fingerprintjs-pro-cb.min.js?3.11.14
result, 7036, 913, 5308, 3214, 2172, header, navbar, 3267, 952, 2286, 874, 1476, 6866, name, lin, 2004, referrer
100

https://chaturbate.com:443/notifications/updates/?notification_type=twitter_feed&notification_type=offline_tip
twitter_feed, lin
50

https://chaturbate.com:443/follow/api/online_followed_rooms/
lin
25

https://chaturbate.com:443/api/messaging/unread/
username, name
50

https://chaturbate.com:443/api/ts/hashtags/top_tags/?count=1000
password, gender, lin, self
100

https://chaturbate.com:443/api/ts/roomlist/all-tags/?limit=90&offset=0
password, gender, lin, self
100

https://chaturbate.com:443/api/ts/roomlist/rec-follow-room-list/?
:false,, false, username, name, password, gender, lin, :11,
100

https://chaturbate.com:443/push_service/auth/
lin
25

https://realtime.pa.highwebmedia.com:443/comet/connect?access_token=eyJhbGciOiJIUzI1NiIsImtpZCI6IktTS3cyZy5MMzZJU2ciLCJ0eXAiOiJKV1QifQ.eyJpYXQiOjE3NTYyNjA3MjMsImV4cCI6MTc1NjM0NzEyMy4wLCJ4LWFibHktY2FwYWJpbGl0eSI6IntcInVzZXI6Z3JvdXBlZDpGTDdTVldWXCI6IFtcInN1YnNjcmliZVwiXX0iLCJ4LWFibHktY2xpZW50SWQiOiIrOTVjMnZraGF4MW4tRkw3U1ZXViJ9.1S39nEyXRvqNz58GKHWpSDg9qszujTatJrGEdGu8_LU&stream=false&heartbeats=true&v=2&agent=ably-js%252F1.2.37%2520browser&remainPresentFor=0&rnd=030782798776711084
+95c2vkhax1n, FL7SVWV
50

https://realtime.pa.highwebmedia.com:443/comet/e91rT-9MgEbQ9P!vrlrwjlFnzAeQYcPKK4wjH-a92627/recv?access_token=eyJhbGciOiJIUzI1NiIsImtpZCI6IktTS3cyZy5MMzZJU2ciLCJ0eXAiOiJKV1QifQ.eyJpYXQiOjE3NTYyNjA3MjMsImV4cCI6MTc1NjM0NzEyMy4wLCJ4LWFibHktY2FwYWJpbGl0eSI6IntcInVzZXI6Z3JvdXBlZDpGTDdTVldWXCI6IFtcInN1YnNjcmliZVwiXX0iLCJ4LWFibHktY2xpZW50SWQiOiIrOTVjMnZraGF4MW4tRkw3U1ZXViJ9.1S39nEyXRvqNz58GKHWpSDg9qszujTatJrGEdGu8_LU&rnd=9346454054427312
:11,, FL7SVWV, action, channel, user:grouped:FL7SVWV, flags
100

https://realtime.pa.highwebmedia.com:443/comet/e91rT-9MgEbQ9P!vrlrwjlFnzAeQYcPKK4wjH-a92627/recv?access_token=eyJhbGciOiJIUzI1NiIsImtpZCI6IktTS3cyZy5MMzZJU2ciLCJ0eXAiOiJKV1QifQ.eyJpYXQiOjE3NTYyNjA3MjMsImV4cCI6MTc1NjM0NzEyMy4wLCJ4LWFibHktY2FwYWJpbGl0eSI6IntcInVzZXI6Z3JvdXBlZDpGTDdTVldWXCI6IFtcInN1YnNjcmliZVwiXX0iLCJ4LWFibHktY2xpZW50SWQiOiIrOTVjMnZraGF4MW4tRkw3U1ZXViJ9.1S39nEyXRvqNz58GKHWpSDg9qszujTatJrGEdGu8_LU&rnd=5178801246925718
action
25

https://chaturbate.com:443/follow/api/online_followed_rooms/
lin
25

https://chaturbate.com:443/api/ts/roomlist/rec-follow-room-list/?
:false,, false, username, name, password, gender, lin, :11,, true, :10,
100

https://sg5.chaturbate.com:443/ls/click?upn=u001.SL8dpuK0ZzMHRH-2FvNUcSV0ajzDF3kHwzip0-2FYGHm9orLrVMsX0auF-2FuhfjOqb80sqDdk1-2BKevORYhBW8eHhn5OblxYPcWnY3Uf5OXvoP4-2BFrEvQcOeYMlA4jffBzo1tIdXca3JR3YeVd6ZSt8pPsQw-3D-3DwQ2M_Q9XiDyFjND6eDwmYI5GmBVRniUHa5MCBk-2BS9wJQImYqpmaBCSeIl6HnbFOF4-2FPYPEwdjZVNFLYiRKxdsTP3bRi0LPVPKb6NZji5oWcbKfIME93wvUGqCq8E-2BPk3wpJqB4GqzaEpZP7JqN1hR0oZI7ZiOJcPPCpcntSPUnUteC-2FX1dsLd-2BrChRIDxKAp3hlZ45K2VAYdLNp2pXP5WL-2BbnrizRwrR182jh1BUbPkE1YgtHC7czynMAlBIXcZqDdZQDDRR62GjJRAHQUo4HFoqxfehyqwpKcp35rGmt7IyV9bCtSDumt3IgSOpPBYavPhe6Nq9R9bcJG-2BjkJsgYF0sKUQ-3D-3D
https://chaturbate.com/, chaturbate.com, email, https://chaturbate.com
100

https://chaturbate.com:443/
65e8428f800c, 24279235, 1.295.0, https://chaturbate.com/, rmRmlstSpa2, false, username, enduser.id, header, G-GX0FLQH21P, en-us, anonymous, chaturbate.com, 874, page_view, name, csrfmiddlewaretoken, password, email, gender, subgender, lin, linkoska, linkoskali, linkoskali2, terms, referrer, self, https://chaturbate.com, https://js-agent.newrelic.com, https://www.google.com/recaptcha/, data:, https://static-pub.highwebmedia.com, blob, enforce, 6LdpEXsUAAAAAMkkjaaqylB3rEhR7oPZmLjSjaps, 1000, user_uid, FL7SVWV, backend, true, action, :10,, params, :{},, flags, json
100

https://chaturbate.com:443/follow/api/online_followed_rooms/
lin
25

https://chaturbate.com:443/notifications/updates/?notification_type=twitter_feed&notification_type=offline_tip
twitter_feed, lin, true
75

https://chaturbate.com:443/api/messaging/unread/
username, name
50

https://chaturbate.com:443/api/ts/chat/message-render-options/
true
25

https://chaturbate.com:443/api/ts/roomlist/room-list/?limit=90&offset=0
7036, 913, 5308, :false,, false, username, 952, name, password, gender, lin, :11,, 1000, true, :10,
100

https://chaturbate.com:443/api/ts/hashtags/top_tags/?count=1000
password, gender, lin, self
100

https://chaturbate.com:443/api/ts/roomlist/all-tags/?limit=90&offset=0
password, gender, lin, self
100

https://chaturbate.com:443/api/ts/roomlist/rec-follow-room-list/?
:false,, false, username, name, password, gender, lin, :11,, true, :10,
100

https://chaturbate.com:443/push_service/auth/
lin, UserFollowerTopic#UserFollowerTopic:FL7SVWV, FL7SVWV, UserMessageTopic#UserMessageTopic:FL7SVWV, UserChatMediaOpenedTopic#UserChatMediaOpenedTopic:FL7SVWV, UserChatMediaRemovedTopic#UserChatMediaRemovedTopic:FL7SVWV, UserPmReadTopic#UserPmReadTopic:FL7SVWV, UserIgnoreTopic#UserIgnoreTopic:FL7SVWV, UserTokenUpdateTopic#UserTokenUpdateTopic:FL7SVWV, UserOneClickTopic#UserOneClickTopic:FL7SVWV, UserAutoRefillAttemptTopic#UserAutoRefillAttemptTopic:FL7SVWV, UserLowBalanceTopic#UserLowBalanceTopic:FL7SVWV, UserNewsSeenTopic#UserNewsSeenTopic:FL7SVWV, OfflineTipNotificationTopic#OfflineTipNotificationTopic:FL7SVWV, UpdateOfflineTipNotificationTopic#UpdateOfflineTipNotificationTopic:FL7SVWV, backend, true, channel, user:grouped:FL7SVWV, flags
100

https://chaturbate.com:443/follow/api/online_followed_rooms/
lin
25

https://chaturbate.com:443/api/ts/roomlist/rec-follow-room-list/?
:false,, false, username, name, password, gender, lin, :11,, true, :10,
100

https://thumb.live.mmcdn.com:443/riw/jimmymiacouple.jpg?58542026
913
25

https://chaturbate.com:443/follow/api/online_followed_rooms/
lin
25

https://chaturbate.com:443/api/ts/roomlist/rec-follow-room-list/?
:false,, false, username, name, password, gender, lin, :11,, true, :10,
100

https://chaturbate.com:443/follow/api/online_followed_rooms/
lin
25

https://chaturbate.com:443/api/ts/roomlist/rec-follow-room-list/?
:false,, false, username, name, password, gender, lin, :11,, true, :10,
100

https://chaturbate.com:443/follow/api/online_followed_rooms/
lin
25

https://chaturbate.com:443/api/ts/roomlist/rec-follow-room-list/?
:false,, false, username, name, password, gender, :11,, true, :10,
100

https://thumb.live.mmcdn.com:443/riw/nuryforerogh.jpg?58542028
272
25

https://thumb.live.mmcdn.com:443/riw/ashley_benson1.jpg?58542028
lin
25

https://chaturbate.com:443/follow/api/online_followed_rooms/
lin
25

https://chaturbate.com:443/api/ts/roomlist/rec-follow-room-list/?
:false,, false, username, name, password, gender, :11,, true, :10,
100

https://chaturbate.com:443/follow/api/online_followed_rooms/
lin
25

https://chaturbate.com:443/api/ts/roomlist/rec-follow-room-list/?
:false,, false, username, name, password, gender, :11,, true, :10,
100

https://thumb.live.mmcdn.com:443/riw/kumfoxlive.jpg?1756260870
952
25

https://thumb.live.mmcdn.com:443/riw/kumfoxlive.jpg?58542029
952
25

https://thumb.live.mmcdn.com:443/riw/someone_sweet.jpg?58542029
913
25

https://thumb.live.mmcdn.com:443/riw/kaliblakexo.jpg?58542031
128
25

https://chaturbate.com:443/follow/api/online_followed_rooms/
lin
25

https://chaturbate.com:443/api/ts/roomlist/rec-follow-room-list/?
:false,, false, username, name, password, gender, :11,, true, :10,
100

https://chaturbate.com:443/follow/api/online_followed_rooms/
lin
25

https://chaturbate.com:443/follow/api/online_followed_rooms/
lin
25

https://chaturbate.com:443/api/ts/roomlist/rec-follow-room-list/?
913, :false,, false, username, name, password, gender, :11,, true, :10,
100

https://chaturbate.com:443/follow/api/online_followed_rooms/
lin
25

https://chaturbate.com:443/api/ts/roomlist/rec-follow-room-list/?
913, :false,, false, username, name, password, gender, :11,, true, :10,
100

https://thumb.live.mmcdn.com:443/riw/daisykimvip.jpg?58542033
913
25

https://chaturbate.com:443/follow/api/online_followed_rooms/
lin
25

https://chaturbate.com:443/api/ts/roomlist/rec-follow-room-list/?
913, :false,, false, username, name, password, gender, :11,, true, :10,
100

https://chaturbate.com:443/follow/api/online_followed_rooms/
lin
25

https://chaturbate.com:443/api/ts/roomlist/rec-follow-room-list/?
913, :false,, false, username, name, password, gender, :11,, true, :10,
100

https://chaturbate.com:443/follow/api/online_followed_rooms/
lin
25

https://chaturbate.com:443/api/ts/roomlist/rec-follow-room-list/?
913, :false,, false, username, name, password, gender, :11,, true, :10,
100

https://chaturbate.com:443/follow/api/online_followed_rooms/
lin
25

https://chaturbate.com:443/api/ts/roomlist/rec-follow-room-list/?
913, :false,, false, username, name, password, gender, :11,, true, :10,
100

https://chaturbate.com:443/follow/api/online_followed_rooms/
lin
25

https://chaturbate.com:443/api/ts/roomlist/rec-follow-room-list/?
913, :false,, false, username, name, password, gender, :11,, 1000, true, :10,
100

https://chaturbate.com:443/follow/api/online_followed_rooms/
lin
25

https://chaturbate.com:443/api/ts/roomlist/rec-follow-room-list/?
913, :false,, false, username, name, password, gender, :11,, 1000, true, :10,
100

https://chaturbate.com:443/follow/api/online_followed_rooms/
lin
25

https://chaturbate.com:443/api/ts/roomlist/rec-follow-room-list/?
913, :false,, false, username, name, password, gender, :11,, 1000, true, :10,
100

https://chaturbate.com:443/follow/api/online_followed_rooms/
lin
25

https://chaturbate.com:443/api/ts/roomlist/rec-follow-room-list/?
913, :false,, false, username, name, password, gender, :11,, 1000, true, :10,
100

