https://chaturbate.com:443/notifications/updates/?notification_type=twitter_feed&notification_type=offline_tip
twitter_feed
20

https://chaturbate.com:443/accounts/register/?src=header&auipsrc=navbar
header, navbar
40

https://chaturbate.com:443/accounts/ajax_validate_register_form/
name, name, username, name, password, name, name, name, name, name, gender, name, name, name, name
100

https://chaturbate.com:443/accounts/ajax_username_assist/?username=wiener
wiener
20

https://chaturbate.com:443/accounts/ajax_username_assist/?username=lin
lin
20

https://chaturbate.com:443/accounts/ajax_validate_register_form/
password, gender
40

https://chaturbate.com:443/accounts/ajax_username_assist/?username=linkoskali
linkoskali
20

https://chaturbate.com:443/accounts/ajax_validate_register_form/
password, email, gender
60

https://chaturbate.com:443/accounts/ajax_validate_register_form/
gender
20

https://chaturbate.com:443/accounts/ajax_validate_recaptcha3/
linkoskali2
20

https://chaturbate.com:443/push_service/auth/
+95c2vkhax1n, UserFollowerTopic#UserFollowerTopic:FL7SVWV, FL7SVWV, UserMessageTopic#UserMessageTopic:FL7SVWV, FL7SVWV, UserChatMediaOpenedTopic#UserChatMediaOpenedTopic:FL7SVWV, FL7SVWV, UserChatMediaRemovedTopic#UserChatMediaRemovedTopic:FL7SVWV, FL7SVWV, UserPmReadTopic#UserPmReadTopic:FL7SVWV, FL7SVWV, UserIgnoreTopic#UserIgnoreTopic:FL7SVWV, FL7SVWV, UserTokenUpdateTopic#UserTokenUpdateTopic:FL7SVWV, FL7SVWV, UserOneClickTopic#UserOneClickTopic:FL7SVWV, FL7SVWV, UserAutoRefillAttemptTopic#UserAutoRefillAttemptTopic:FL7SVWV, FL7SVWV, UserLowBalanceTopic#UserLowBalanceTopic:FL7SVWV, FL7SVWV, UserNewsSeenTopic#UserNewsSeenTopic:FL7SVWV, FL7SVWV, OfflineTipNotificationTopic#OfflineTipNotificationTopic:FL7SVWV, FL7SVWV, UpdateOfflineTipNotificationTopic#UpdateOfflineTipNotificationTopic:FL7SVWV, FL7SVWV, backend
100

https://chaturbate.com:443/push_service/auth/
+upxwci05tu, UserFollowerTopic#UserFollowerTopic:FL7SVWV, FL7SVWV, UserMessageTopic#UserMessageTopic:FL7SVWV, FL7SVWV, UserChatMediaOpenedTopic#UserChatMediaOpenedTopic:FL7SVWV, FL7SVWV, UserChatMediaRemovedTopic#UserChatMediaRemovedTopic:FL7SVWV, FL7SVWV, UserPmReadTopic#UserPmReadTopic:FL7SVWV, FL7SVWV, UserIgnoreTopic#UserIgnoreTopic:FL7SVWV, FL7SVWV, UserTokenUpdateTopic#UserTokenUpdateTopic:FL7SVWV, FL7SVWV, UserOneClickTopic#UserOneClickTopic:FL7SVWV, FL7SVWV, UserAutoRefillAttemptTopic#UserAutoRefillAttemptTopic:FL7SVWV, FL7SVWV, UserLowBalanceTopic#UserLowBalanceTopic:FL7SVWV, FL7SVWV, UserNewsSeenTopic#UserNewsSeenTopic:FL7SVWV, FL7SVWV, OfflineTipNotificationTopic#OfflineTipNotificationTopic:FL7SVWV, FL7SVWV, UpdateOfflineTipNotificationTopic#UpdateOfflineTipNotificationTopic:FL7SVWV, FL7SVWV, backend
100

